<?xml version="1.0" encoding="UTF-8"?>
<!-- Generated by org.testng.reporters.JUnitReportReporter -->
<testsuite skipped="0" hostname="ip-172-31-68-124" name="test.Testcase2" tests="1" failures="0" timestamp="2021-06-19T04:59:04 UTC" time="0.021" errors="0">
  <testcase name="HomePage" time="0.021" classname="test.Testcase2"/>
  <system-out/>
</testsuite> <!-- test.Testcase2 -->
