<?xml version="1.0" encoding="UTF-8"?>
<!-- Generated by org.testng.reporters.JUnitReportReporter -->
<testsuite skipped="0" hostname="ip-172-31-68-124" name="Test1.Testcase3" tests="1" failures="0" timestamp="2021-06-19T04:59:04 UTC" time="0.001" errors="0">
  <testcase name="CheckoutPage" time="0.001" classname="Test1.Testcase3"/>
  <system-out/>
</testsuite> <!-- Test1.Testcase3 -->
