<?xml version="1.0" encoding="UTF-8"?>
<!-- Generated by org.testng.reporters.JUnitReportReporter -->
<testsuite skipped="1" hostname="ip-172-31-68-124" name="test.Testcase1" tests="2" failures="0" timestamp="2021-06-19T04:59:04 UTC" time="0.005" errors="0">
  <testcase name="LoginTest" time="0.005" classname="test.Testcase1"/>
  <system-out/>
  <testcase name="SignUp" classname="test.Testcase1">
    <skipped/>
  </testcase> <!-- SignUp -->
  <system-out/>
</testsuite> <!-- test.Testcase1 -->
